<?xml version="1.0" encoding="UTF-8"?>
<testng-results ignored="0" total="1" passed="1" failed="0" skipped="0">
  <reporter-output>
  </reporter-output>
  <suite started-at="2024-05-25T10:30:07 GST" name="Default suite" finished-at="2024-05-25T10:30:18 GST" duration-ms="10841">
    <groups>
    </groups>
    <test started-at="2024-05-25T10:30:07 GST" name="Default test" finished-at="2024-05-25T10:30:18 GST" duration-ms="10841">
      <class name="tests.GTPLBankLoginTest">
        <test-method is-config="true" signature="beforeSuite()[pri:0, instance:tests.GTPLBankLoginTest@60f00693]" started-at="2024-05-25T10:30:07 GST" name="beforeSuite" finished-at="2024-05-25T10:30:07 GST" duration-ms="142" status="PASS">
          <reporter-output>
          </reporter-output>
        </test-method> <!-- beforeSuite -->
        <test-method is-config="true" signature="beforeTest()[pri:0, instance:tests.GTPLBankLoginTest@60f00693]" started-at="2024-05-25T10:30:07 GST" name="beforeTest" finished-at="2024-05-25T10:30:07 GST" duration-ms="0" status="PASS">
          <reporter-output>
          </reporter-output>
        </test-method> <!-- beforeTest -->
        <test-method is-config="true" signature="beforeMethod()[pri:0, instance:tests.GTPLBankLoginTest@60f00693]" started-at="2024-05-25T10:30:07 GST" name="beforeMethod" finished-at="2024-05-25T10:30:09 GST" duration-ms="2028" status="PASS">
          <reporter-output>
          </reporter-output>
        </test-method> <!-- beforeMethod -->
        <test-method signature="testLoginFunctionalityPositive()[pri:0, instance:tests.GTPLBankLoginTest@60f00693]" started-at="2024-05-25T10:30:09 GST" name="testLoginFunctionalityPositive" finished-at="2024-05-25T10:30:18 GST" duration-ms="8504" status="PASS">
          <reporter-output>
          </reporter-output>
        </test-method> <!-- testLoginFunctionalityPositive -->
        <test-method is-config="true" signature="afterMethod()[pri:0, instance:tests.GTPLBankLoginTest@60f00693]" started-at="2024-05-25T10:30:18 GST" name="afterMethod" finished-at="2024-05-25T10:30:18 GST" duration-ms="286" status="PASS">
          <reporter-output>
          </reporter-output>
        </test-method> <!-- afterMethod -->
        <test-method is-config="true" signature="afterTest()[pri:0, instance:tests.GTPLBankLoginTest@60f00693]" started-at="2024-05-25T10:30:18 GST" name="afterTest" finished-at="2024-05-25T10:30:18 GST" duration-ms="1" status="PASS">
          <reporter-output>
          </reporter-output>
        </test-method> <!-- afterTest -->
        <test-method is-config="true" signature="afterSuite()[pri:0, instance:tests.GTPLBankLoginTest@60f00693]" started-at="2024-05-25T10:30:18 GST" name="afterSuite" finished-at="2024-05-25T10:30:18 GST" duration-ms="247" status="PASS">
          <reporter-output>
          </reporter-output>
        </test-method> <!-- afterSuite -->
      </class> <!-- tests.GTPLBankLoginTest -->
    </test> <!-- Default test -->
  </suite> <!-- Default suite -->
</testng-results>
