<?xml version="1.0" encoding="UTF-8"?>
<testng-results ignored="0" total="8" passed="8" failed="0" skipped="0">
  <reporter-output>
  </reporter-output>
  <suite started-at="2024-05-26T00:53:13 GST" name="VistaAutomatotionTestSuite" finished-at="2024-05-26T00:55:31 GST" duration-ms="137794">
    <groups>
      <group name="Registeration Functionality">
        <method signature="VistaTestScenariosClass.RegisterationFunctionality_PositiveScenario_RegisterationScenario1()[pri:0, instance:tests.VistaTestScenariosClass@7a6d7e92]" name="RegisterationFunctionality_PositiveScenario_RegisterationScenario1" class="tests.VistaTestScenariosClass"/>
        <method signature="VistaTestScenariosClass.RegisterationFunctionality__NegativeScenaio_RegisterationScenario2()[pri:0, instance:tests.VistaTestScenariosClass@7a6d7e92]" name="RegisterationFunctionality__NegativeScenaio_RegisterationScenario2" class="tests.VistaTestScenariosClass"/>
        <method signature="VistaTestScenariosClass.RegisterationFunctionality__NegativeScenaio_RegisterationScenario3()[pri:0, instance:tests.VistaTestScenariosClass@7a6d7e92]" name="RegisterationFunctionality__NegativeScenaio_RegisterationScenario3" class="tests.VistaTestScenariosClass"/>
        <method signature="VistaTestScenariosClass.RegisterationFunctionality__NegativeScenaio_RegisterationScenario4()[pri:0, instance:tests.VistaTestScenariosClass@7a6d7e92]" name="RegisterationFunctionality__NegativeScenaio_RegisterationScenario4" class="tests.VistaTestScenariosClass"/>
        <method signature="VistaTestScenariosClass.RegisterationFunctionality__NegativeScenaio_RegisterationScenario5()[pri:0, instance:tests.VistaTestScenariosClass@7a6d7e92]" name="RegisterationFunctionality__NegativeScenaio_RegisterationScenario5" class="tests.VistaTestScenariosClass"/>
      </group> <!-- Registeration Functionality -->
      <group name="Login Functionality">
        <method signature="VistaTestScenariosClass.LoginFunctionality_NegativeScenario_LoginScenario2()[pri:0, instance:tests.VistaTestScenariosClass@7a6d7e92]" name="LoginFunctionality_NegativeScenario_LoginScenario2" class="tests.VistaTestScenariosClass"/>
        <method signature="VistaTestScenariosClass.LoginFunctionality_PositiveScenario_LoginScenario1()[pri:0, instance:tests.VistaTestScenariosClass@7a6d7e92]" name="LoginFunctionality_PositiveScenario_LoginScenario1" class="tests.VistaTestScenariosClass"/>
        <method signature="VistaTestScenariosClass.LoginFunctionality_PositiveScenario_LoginScenario3()[pri:0, instance:tests.VistaTestScenariosClass@7a6d7e92]" name="LoginFunctionality_PositiveScenario_LoginScenario3" class="tests.VistaTestScenariosClass"/>
      </group> <!-- Login Functionality -->
    </groups>
    <test started-at="2024-05-26T00:53:13 GST" name="Test" finished-at="2024-05-26T00:55:31 GST" duration-ms="137794">
      <class name="tests.VistaTestScenariosClass">
        <test-method is-config="true" signature="beforeSuite()[pri:0, instance:tests.VistaTestScenariosClass@7a6d7e92]" started-at="2024-05-26T00:53:13 GST" name="beforeSuite" finished-at="2024-05-26T00:53:13 GST" duration-ms="220" status="PASS">
          <reporter-output>
          </reporter-output>
        </test-method> <!-- beforeSuite -->
        <test-method is-config="true" signature="beforeTest()[pri:0, instance:tests.VistaTestScenariosClass@7a6d7e92]" started-at="2024-05-26T00:53:13 GST" name="beforeTest" finished-at="2024-05-26T00:53:13 GST" duration-ms="0" status="PASS">
          <reporter-output>
          </reporter-output>
        </test-method> <!-- beforeTest -->
        <test-method is-config="true" signature="beforeMethod()[pri:0, instance:tests.VistaTestScenariosClass@7a6d7e92]" started-at="2024-05-26T00:53:13 GST" name="beforeMethod" finished-at="2024-05-26T00:53:31 GST" duration-ms="17175" status="PASS">
          <reporter-output>
          </reporter-output>
        </test-method> <!-- beforeMethod -->
        <test-method signature="LoginFunctionality_NegativeScenario_LoginScenario2()[pri:0, instance:tests.VistaTestScenariosClass@7a6d7e92]" started-at="2024-05-26T00:53:31 GST" name="LoginFunctionality_NegativeScenario_LoginScenario2" finished-at="2024-05-26T00:53:34 GST" duration-ms="3722" status="PASS">
          <reporter-output>
          </reporter-output>
        </test-method> <!-- LoginFunctionality_NegativeScenario_LoginScenario2 -->
        <test-method is-config="true" signature="afterMethod()[pri:0, instance:tests.VistaTestScenariosClass@7a6d7e92]" started-at="2024-05-26T00:53:34 GST" name="afterMethod" finished-at="2024-05-26T00:53:35 GST" duration-ms="345" status="PASS">
          <reporter-output>
          </reporter-output>
        </test-method> <!-- afterMethod -->
        <test-method is-config="true" signature="beforeMethod()[pri:0, instance:tests.VistaTestScenariosClass@7a6d7e92]" started-at="2024-05-26T00:53:35 GST" name="beforeMethod" finished-at="2024-05-26T00:53:50 GST" duration-ms="15615" status="PASS">
          <reporter-output>
          </reporter-output>
        </test-method> <!-- beforeMethod -->
        <test-method signature="LoginFunctionality_PositiveScenario_LoginScenario1()[pri:0, instance:tests.VistaTestScenariosClass@7a6d7e92]" started-at="2024-05-26T00:53:50 GST" name="LoginFunctionality_PositiveScenario_LoginScenario1" finished-at="2024-05-26T00:53:54 GST" duration-ms="3571" status="PASS">
          <reporter-output>
          </reporter-output>
        </test-method> <!-- LoginFunctionality_PositiveScenario_LoginScenario1 -->
        <test-method is-config="true" signature="afterMethod()[pri:0, instance:tests.VistaTestScenariosClass@7a6d7e92]" started-at="2024-05-26T00:53:54 GST" name="afterMethod" finished-at="2024-05-26T00:53:54 GST" duration-ms="394" status="PASS">
          <reporter-output>
          </reporter-output>
        </test-method> <!-- afterMethod -->
        <test-method is-config="true" signature="beforeMethod()[pri:0, instance:tests.VistaTestScenariosClass@7a6d7e92]" started-at="2024-05-26T00:53:54 GST" name="beforeMethod" finished-at="2024-05-26T00:54:01 GST" duration-ms="7234" status="PASS">
          <reporter-output>
          </reporter-output>
        </test-method> <!-- beforeMethod -->
        <test-method signature="LoginFunctionality_PositiveScenario_LoginScenario3()[pri:0, instance:tests.VistaTestScenariosClass@7a6d7e92]" started-at="2024-05-26T00:54:01 GST" name="LoginFunctionality_PositiveScenario_LoginScenario3" finished-at="2024-05-26T00:54:05 GST" duration-ms="3177" status="PASS">
          <reporter-output>
          </reporter-output>
        </test-method> <!-- LoginFunctionality_PositiveScenario_LoginScenario3 -->
        <test-method is-config="true" signature="afterMethod()[pri:0, instance:tests.VistaTestScenariosClass@7a6d7e92]" started-at="2024-05-26T00:54:05 GST" name="afterMethod" finished-at="2024-05-26T00:54:05 GST" duration-ms="215" status="PASS">
          <reporter-output>
          </reporter-output>
        </test-method> <!-- afterMethod -->
        <test-method is-config="true" signature="beforeMethod()[pri:0, instance:tests.VistaTestScenariosClass@7a6d7e92]" started-at="2024-05-26T00:54:05 GST" name="beforeMethod" finished-at="2024-05-26T00:54:17 GST" duration-ms="11812" status="PASS">
          <reporter-output>
          </reporter-output>
        </test-method> <!-- beforeMethod -->
        <test-method signature="RegisterationFunctionality_PositiveScenario_RegisterationScenario1()[pri:0, instance:tests.VistaTestScenariosClass@7a6d7e92]" started-at="2024-05-26T00:54:17 GST" name="RegisterationFunctionality_PositiveScenario_RegisterationScenario1" finished-at="2024-05-26T00:54:22 GST" duration-ms="5011" status="PASS">
          <reporter-output>
          </reporter-output>
        </test-method> <!-- RegisterationFunctionality_PositiveScenario_RegisterationScenario1 -->
        <test-method is-config="true" signature="afterMethod()[pri:0, instance:tests.VistaTestScenariosClass@7a6d7e92]" started-at="2024-05-26T00:54:22 GST" name="afterMethod" finished-at="2024-05-26T00:54:22 GST" duration-ms="374" status="PASS">
          <reporter-output>
          </reporter-output>
        </test-method> <!-- afterMethod -->
        <test-method is-config="true" signature="beforeMethod()[pri:0, instance:tests.VistaTestScenariosClass@7a6d7e92]" started-at="2024-05-26T00:54:22 GST" name="beforeMethod" finished-at="2024-05-26T00:54:34 GST" duration-ms="12314" status="PASS">
          <reporter-output>
          </reporter-output>
        </test-method> <!-- beforeMethod -->
        <test-method signature="RegisterationFunctionality__NegativeScenaio_RegisterationScenario2()[pri:0, instance:tests.VistaTestScenariosClass@7a6d7e92]" started-at="2024-05-26T00:54:34 GST" name="RegisterationFunctionality__NegativeScenaio_RegisterationScenario2" finished-at="2024-05-26T00:54:40 GST" duration-ms="5797" status="PASS">
          <reporter-output>
          </reporter-output>
        </test-method> <!-- RegisterationFunctionality__NegativeScenaio_RegisterationScenario2 -->
        <test-method is-config="true" signature="afterMethod()[pri:0, instance:tests.VistaTestScenariosClass@7a6d7e92]" started-at="2024-05-26T00:54:40 GST" name="afterMethod" finished-at="2024-05-26T00:54:40 GST" duration-ms="237" status="PASS">
          <reporter-output>
          </reporter-output>
        </test-method> <!-- afterMethod -->
        <test-method is-config="true" signature="beforeMethod()[pri:0, instance:tests.VistaTestScenariosClass@7a6d7e92]" started-at="2024-05-26T00:54:40 GST" name="beforeMethod" finished-at="2024-05-26T00:54:50 GST" duration-ms="9612" status="PASS">
          <reporter-output>
          </reporter-output>
        </test-method> <!-- beforeMethod -->
        <test-method signature="RegisterationFunctionality__NegativeScenaio_RegisterationScenario3()[pri:0, instance:tests.VistaTestScenariosClass@7a6d7e92]" started-at="2024-05-26T00:54:50 GST" name="RegisterationFunctionality__NegativeScenaio_RegisterationScenario3" finished-at="2024-05-26T00:54:55 GST" duration-ms="4994" status="PASS">
          <reporter-output>
          </reporter-output>
        </test-method> <!-- RegisterationFunctionality__NegativeScenaio_RegisterationScenario3 -->
        <test-method is-config="true" signature="afterMethod()[pri:0, instance:tests.VistaTestScenariosClass@7a6d7e92]" started-at="2024-05-26T00:54:55 GST" name="afterMethod" finished-at="2024-05-26T00:54:55 GST" duration-ms="295" status="PASS">
          <reporter-output>
          </reporter-output>
        </test-method> <!-- afterMethod -->
        <test-method is-config="true" signature="beforeMethod()[pri:0, instance:tests.VistaTestScenariosClass@7a6d7e92]" started-at="2024-05-26T00:54:55 GST" name="beforeMethod" finished-at="2024-05-26T00:55:06 GST" duration-ms="10555" status="PASS">
          <reporter-output>
          </reporter-output>
        </test-method> <!-- beforeMethod -->
        <test-method signature="RegisterationFunctionality__NegativeScenaio_RegisterationScenario4()[pri:0, instance:tests.VistaTestScenariosClass@7a6d7e92]" started-at="2024-05-26T00:55:06 GST" name="RegisterationFunctionality__NegativeScenaio_RegisterationScenario4" finished-at="2024-05-26T00:55:09 GST" duration-ms="3517" status="PASS">
          <reporter-output>
          </reporter-output>
        </test-method> <!-- RegisterationFunctionality__NegativeScenaio_RegisterationScenario4 -->
        <test-method is-config="true" signature="afterMethod()[pri:0, instance:tests.VistaTestScenariosClass@7a6d7e92]" started-at="2024-05-26T00:55:09 GST" name="afterMethod" finished-at="2024-05-26T00:55:10 GST" duration-ms="263" status="PASS">
          <reporter-output>
          </reporter-output>
        </test-method> <!-- afterMethod -->
        <test-method is-config="true" signature="beforeMethod()[pri:0, instance:tests.VistaTestScenariosClass@7a6d7e92]" started-at="2024-05-26T00:55:10 GST" name="beforeMethod" finished-at="2024-05-26T00:55:27 GST" duration-ms="17350" status="PASS">
          <reporter-output>
          </reporter-output>
        </test-method> <!-- beforeMethod -->
        <test-method signature="RegisterationFunctionality__NegativeScenaio_RegisterationScenario5()[pri:0, instance:tests.VistaTestScenariosClass@7a6d7e92]" started-at="2024-05-26T00:55:27 GST" name="RegisterationFunctionality__NegativeScenaio_RegisterationScenario5" finished-at="2024-05-26T00:55:31 GST" duration-ms="3911" status="PASS">
          <reporter-output>
          </reporter-output>
        </test-method> <!-- RegisterationFunctionality__NegativeScenaio_RegisterationScenario5 -->
        <test-method is-config="true" signature="afterMethod()[pri:0, instance:tests.VistaTestScenariosClass@7a6d7e92]" started-at="2024-05-26T00:55:31 GST" name="afterMethod" finished-at="2024-05-26T00:55:31 GST" duration-ms="253" status="PASS">
          <reporter-output>
          </reporter-output>
        </test-method> <!-- afterMethod -->
        <test-method is-config="true" signature="afterTest()[pri:0, instance:tests.VistaTestScenariosClass@7a6d7e92]" started-at="2024-05-26T00:55:31 GST" name="afterTest" finished-at="2024-05-26T00:55:31 GST" duration-ms="0" status="PASS">
          <reporter-output>
          </reporter-output>
        </test-method> <!-- afterTest -->
        <test-method is-config="true" signature="afterSuite()[pri:0, instance:tests.VistaTestScenariosClass@7a6d7e92]" started-at="2024-05-26T00:55:31 GST" name="afterSuite" finished-at="2024-05-26T00:55:32 GST" duration-ms="394" status="PASS">
          <reporter-output>
          </reporter-output>
        </test-method> <!-- afterSuite -->
      </class> <!-- tests.VistaTestScenariosClass -->
    </test> <!-- Test -->
  </suite> <!-- VistaAutomatotionTestSuite -->
</testng-results>
