<?xml version="1.0" encoding="UTF-8"?>
<testng-results ignored="0" total="1" passed="1" failed="0" skipped="0">
  <reporter-output>
  </reporter-output>
  <suite started-at="2024-05-23T21:29:15 IST" name="Default suite" finished-at="2024-05-23T21:29:28 IST" duration-ms="12856">
    <groups>
    </groups>
    <test started-at="2024-05-23T21:29:15 IST" name="Default test" finished-at="2024-05-23T21:29:28 IST" duration-ms="12856">
      <class name="tests.GTPLBankLoginTest">
        <test-method is-config="true" signature="beforeSuite()[pri:0, instance:tests.GTPLBankLoginTest@5ace1ed4]" started-at="2024-05-23T21:29:15 IST" name="beforeSuite" finished-at="2024-05-23T21:29:15 IST" duration-ms="373" status="PASS">
          <reporter-output>
          </reporter-output>
        </test-method> <!-- beforeSuite -->
        <test-method is-config="true" signature="beforeTest()[pri:0, instance:tests.GTPLBankLoginTest@5ace1ed4]" started-at="2024-05-23T21:29:15 IST" name="beforeTest" finished-at="2024-05-23T21:29:15 IST" duration-ms="0" status="PASS">
          <reporter-output>
          </reporter-output>
        </test-method> <!-- beforeTest -->
        <test-method is-config="true" signature="beforeMethod()[pri:0, instance:tests.GTPLBankLoginTest@5ace1ed4]" started-at="2024-05-23T21:29:15 IST" name="beforeMethod" finished-at="2024-05-23T21:29:19 IST" duration-ms="4204" status="PASS">
          <reporter-output>
          </reporter-output>
        </test-method> <!-- beforeMethod -->
        <test-method signature="testLoginFunctionalityPositive()[pri:0, instance:tests.GTPLBankLoginTest@5ace1ed4]" started-at="2024-05-23T21:29:19 IST" name="testLoginFunctionalityPositive" finished-at="2024-05-23T21:29:28 IST" duration-ms="8168" status="PASS">
          <reporter-output>
          </reporter-output>
        </test-method> <!-- testLoginFunctionalityPositive -->
        <test-method is-config="true" signature="afterMethod()[pri:0, instance:tests.GTPLBankLoginTest@5ace1ed4]" started-at="2024-05-23T21:29:28 IST" name="afterMethod" finished-at="2024-05-23T21:29:28 IST" duration-ms="404" status="PASS">
          <reporter-output>
          </reporter-output>
        </test-method> <!-- afterMethod -->
        <test-method is-config="true" signature="afterTest()[pri:0, instance:tests.GTPLBankLoginTest@5ace1ed4]" started-at="2024-05-23T21:29:28 IST" name="afterTest" finished-at="2024-05-23T21:29:28 IST" duration-ms="0" status="PASS">
          <reporter-output>
          </reporter-output>
        </test-method> <!-- afterTest -->
        <test-method is-config="true" signature="afterSuite()[pri:0, instance:tests.GTPLBankLoginTest@5ace1ed4]" started-at="2024-05-23T21:29:28 IST" name="afterSuite" finished-at="2024-05-23T21:29:29 IST" duration-ms="614" status="PASS">
          <reporter-output>
          </reporter-output>
        </test-method> <!-- afterSuite -->
      </class> <!-- tests.GTPLBankLoginTest -->
    </test> <!-- Default test -->
  </suite> <!-- Default suite -->
</testng-results>
