<?xml version="1.0" encoding="UTF-8"?>
<testng-results ignored="0" total="1" passed="1" failed="0" skipped="0">
  <reporter-output>
  </reporter-output>
  <suite started-at="2024-05-28T19:19:58 GST" name="Default suite" finished-at="2024-05-28T19:31:53 GST" duration-ms="714452">
    <groups>
      <group name="Shopping Functionality">
        <method signature="VistaShoppingTestScenarioClass.Shopping_PositiveScenario_Scenario1()[pri:1, instance:tests.VistaShoppingTestScenarioClass@79207381]" name="Shopping_PositiveScenario_Scenario1" class="tests.VistaShoppingTestScenarioClass"/>
      </group> <!-- Shopping Functionality -->
    </groups>
    <test started-at="2024-05-28T19:19:58 GST" name="Default test" finished-at="2024-05-28T19:31:53 GST" duration-ms="714452">
      <class name="tests.VistaShoppingTestScenarioClass">
        <test-method is-config="true" signature="beforeSuite()[pri:0, instance:tests.VistaShoppingTestScenarioClass@79207381]" started-at="2024-05-28T19:19:58 GST" name="beforeSuite" finished-at="2024-05-28T19:19:58 GST" duration-ms="192" status="PASS">
          <reporter-output>
          </reporter-output>
        </test-method> <!-- beforeSuite -->
        <test-method is-config="true" signature="beforeTest()[pri:0, instance:tests.VistaShoppingTestScenarioClass@79207381]" started-at="2024-05-28T19:19:58 GST" name="beforeTest" finished-at="2024-05-28T19:19:58 GST" duration-ms="1" status="PASS">
          <reporter-output>
          </reporter-output>
        </test-method> <!-- beforeTest -->
        <test-method is-config="true" signature="beforeMethod()[pri:0, instance:tests.VistaShoppingTestScenarioClass@79207381]" started-at="2024-05-28T19:19:58 GST" name="beforeMethod" finished-at="2024-05-28T19:22:40 GST" duration-ms="161896" status="PASS">
          <reporter-output>
          </reporter-output>
        </test-method> <!-- beforeMethod -->
        <test-method signature="Shopping_PositiveScenario_Scenario1()[pri:1, instance:tests.VistaShoppingTestScenarioClass@79207381]" started-at="2024-05-28T19:22:40 GST" name="Shopping_PositiveScenario_Scenario1" finished-at="2024-05-28T19:31:51 GST" duration-ms="550564" status="PASS">
          <reporter-output>
          </reporter-output>
        </test-method> <!-- Shopping_PositiveScenario_Scenario1 -->
        <test-method is-config="true" signature="afterMethod()[pri:0, instance:tests.VistaShoppingTestScenarioClass@79207381]" started-at="2024-05-28T19:31:51 GST" name="afterMethod" finished-at="2024-05-28T19:31:53 GST" duration-ms="1962" status="PASS">
          <reporter-output>
          </reporter-output>
        </test-method> <!-- afterMethod -->
        <test-method is-config="true" signature="afterTest()[pri:0, instance:tests.VistaShoppingTestScenarioClass@79207381]" started-at="2024-05-28T19:31:53 GST" name="afterTest" finished-at="2024-05-28T19:31:53 GST" duration-ms="1" status="PASS">
          <reporter-output>
          </reporter-output>
        </test-method> <!-- afterTest -->
        <test-method is-config="true" signature="afterSuite()[pri:0, instance:tests.VistaShoppingTestScenarioClass@79207381]" started-at="2024-05-28T19:31:53 GST" name="afterSuite" finished-at="2024-05-28T19:31:53 GST" duration-ms="302" status="PASS">
          <reporter-output>
          </reporter-output>
        </test-method> <!-- afterSuite -->
      </class> <!-- tests.VistaShoppingTestScenarioClass -->
    </test> <!-- Default test -->
  </suite> <!-- Default suite -->
</testng-results>
