<?xml version="1.0" encoding="UTF-8"?>
<testng-results ignored="0" total="1" passed="0" failed="1" skipped="0">
  <reporter-output>
  </reporter-output>
  <suite started-at="2024-05-27T21:52:21 GST" name="Default suite" finished-at="2024-05-27T21:52:49 GST" duration-ms="28433">
    <groups>
      <group name="Shopping Functionality">
        <method signature="VistaShoppingTestScenarioClass.Shopping_PositiveScenario_Scenario1()[pri:1, instance:tests.VistaShoppingTestScenarioClass@79207381]" name="Shopping_PositiveScenario_Scenario1" class="tests.VistaShoppingTestScenarioClass"/>
      </group> <!-- Shopping Functionality -->
    </groups>
    <test started-at="2024-05-27T21:52:21 GST" name="Default test" finished-at="2024-05-27T21:52:49 GST" duration-ms="28433">
      <class name="tests.VistaShoppingTestScenarioClass">
        <test-method is-config="true" signature="beforeSuite()[pri:0, instance:tests.VistaShoppingTestScenarioClass@79207381]" started-at="2024-05-27T21:52:21 GST" name="beforeSuite" finished-at="2024-05-27T21:52:21 GST" duration-ms="157" status="PASS">
          <reporter-output>
          </reporter-output>
        </test-method> <!-- beforeSuite -->
        <test-method is-config="true" signature="beforeTest()[pri:0, instance:tests.VistaShoppingTestScenarioClass@79207381]" started-at="2024-05-27T21:52:21 GST" name="beforeTest" finished-at="2024-05-27T21:52:21 GST" duration-ms="0" status="PASS">
          <reporter-output>
          </reporter-output>
        </test-method> <!-- beforeTest -->
        <test-method is-config="true" signature="beforeMethod()[pri:0, instance:tests.VistaShoppingTestScenarioClass@79207381]" started-at="2024-05-27T21:52:21 GST" name="beforeMethod" finished-at="2024-05-27T21:52:28 GST" duration-ms="7535" status="PASS">
          <reporter-output>
          </reporter-output>
        </test-method> <!-- beforeMethod -->
        <test-method signature="Shopping_PositiveScenario_Scenario1()[pri:1, instance:tests.VistaShoppingTestScenarioClass@79207381]" started-at="2024-05-27T21:52:28 GST" name="Shopping_PositiveScenario_Scenario1" finished-at="2024-05-27T21:52:48 GST" duration-ms="19390" status="FAIL">
          <exception class="java.lang.IllegalArgumentException">
            <message>
              <![CDATA[Keys to send should be a not null CharSequence]]>
            </message>
            <full-stacktrace>
              <![CDATA[java.lang.IllegalArgumentException: Keys to send should be a not null CharSequence
at org.openqa.selenium.remote.RemoteWebElement.sendKeys(RemoteWebElement.java:96)
at utils.GenericUtilityClass.type(GenericUtilityClass.java:67)
at appUtil.AppUtilityClass.login(AppUtilityClass.java:28)
at tests.VistaShoppingTestScenarioClass.Shopping_PositiveScenario_Scenario1(VistaShoppingTestScenarioClass.java:24)
at java.base/jdk.internal.reflect.NativeMethodAccessorImpl.invoke0(Native Method)
at java.base/jdk.internal.reflect.NativeMethodAccessorImpl.invoke(NativeMethodAccessorImpl.java:78)
at java.base/jdk.internal.reflect.DelegatingMethodAccessorImpl.invoke(DelegatingMethodAccessorImpl.java:43)
at java.base/java.lang.reflect.Method.invoke(Method.java:567)
at org.testng.internal.MethodInvocationHelper.invokeMethod(MethodInvocationHelper.java:133)
at org.testng.internal.TestInvoker.invokeMethod(TestInvoker.java:598)
at org.testng.internal.TestInvoker.invokeTestMethod(TestInvoker.java:173)
at org.testng.internal.MethodRunner.runInSequence(MethodRunner.java:46)
at org.testng.internal.TestInvoker$MethodInvocationAgent.invoke(TestInvoker.java:824)
at org.testng.internal.TestInvoker.invokeTestMethods(TestInvoker.java:146)
at org.testng.internal.TestMethodWorker.invokeTestMethods(TestMethodWorker.java:146)
at org.testng.internal.TestMethodWorker.run(TestMethodWorker.java:128)
at java.base/java.util.ArrayList.forEach(ArrayList.java:1511)
at org.testng.TestRunner.privateRun(TestRunner.java:794)
at org.testng.TestRunner.run(TestRunner.java:596)
at org.testng.SuiteRunner.runTest(SuiteRunner.java:377)
at org.testng.SuiteRunner.runSequentially(SuiteRunner.java:371)
at org.testng.SuiteRunner.privateRun(SuiteRunner.java:332)
at org.testng.SuiteRunner.run(SuiteRunner.java:276)
at org.testng.SuiteRunnerWorker.runSuite(SuiteRunnerWorker.java:53)
at org.testng.SuiteRunnerWorker.run(SuiteRunnerWorker.java:96)
at org.testng.TestNG.runSuitesSequentially(TestNG.java:1212)
at org.testng.TestNG.runSuitesLocally(TestNG.java:1134)
at org.testng.TestNG.runSuites(TestNG.java:1063)
at org.testng.TestNG.run(TestNG.java:1031)
at org.testng.remote.AbstractRemoteTestNG.run(AbstractRemoteTestNG.java:115)
at org.testng.remote.RemoteTestNG.initAndRun(RemoteTestNG.java:251)
at org.testng.remote.RemoteTestNG.main(RemoteTestNG.java:77)
]]>
            </full-stacktrace>
          </exception> <!-- java.lang.IllegalArgumentException -->
          <reporter-output>
          </reporter-output>
        </test-method> <!-- Shopping_PositiveScenario_Scenario1 -->
        <test-method is-config="true" signature="afterMethod()[pri:0, instance:tests.VistaShoppingTestScenarioClass@79207381]" started-at="2024-05-27T21:52:48 GST" name="afterMethod" finished-at="2024-05-27T21:52:49 GST" duration-ms="1477" status="PASS">
          <reporter-output>
          </reporter-output>
        </test-method> <!-- afterMethod -->
        <test-method is-config="true" signature="afterTest()[pri:0, instance:tests.VistaShoppingTestScenarioClass@79207381]" started-at="2024-05-27T21:52:49 GST" name="afterTest" finished-at="2024-05-27T21:52:49 GST" duration-ms="0" status="PASS">
          <reporter-output>
          </reporter-output>
        </test-method> <!-- afterTest -->
        <test-method is-config="true" signature="afterSuite()[pri:0, instance:tests.VistaShoppingTestScenarioClass@79207381]" started-at="2024-05-27T21:52:49 GST" name="afterSuite" finished-at="2024-05-27T21:52:50 GST" duration-ms="262" status="PASS">
          <reporter-output>
          </reporter-output>
        </test-method> <!-- afterSuite -->
      </class> <!-- tests.VistaShoppingTestScenarioClass -->
    </test> <!-- Default test -->
  </suite> <!-- Default suite -->
</testng-results>
