<?xml version="1.0" encoding="UTF-8"?>
<!-- Generated by org.testng.reporters.JUnitXMLReporter -->
<testsuite ignored="0" hostname="DEV-NANO1" failures="1" tests="8" name="Test" time="68.071" errors="0" timestamp="2024-05-26T09:49:30 GST">
  <testcase classname="tests.VistaTestScenariosClass" name="LoginFunctionality_NegativeScenario_LoginScenario2" time="2.797"/>
  <testcase classname="tests.VistaTestScenariosClass" name="LoginFunctionality_PositiveScenario_LoginScenario1" time="2.676"/>
  <testcase classname="tests.VistaTestScenariosClass" name="LoginFunctionality_PositiveScenario_LoginScenario3" time="4.25">
    <failure type="java.lang.AssertionError" message="null">
      <![CDATA[java.lang.AssertionError: null
at utils.UIAutomationUtils.TakeScreenshot(UIAutomationUtils.java:148)
at tests.VistaTestScenariosClass.LoginFunctionality_PositiveScenario_LoginScenario3(VistaTestScenariosClass.java:52)
at java.base/java.util.ArrayList.forEach(ArrayList.java:1511)
... Removed 29 stack frames]]>
    </failure>
  </testcase> <!-- LoginFunctionality_PositiveScenario_LoginScenario3 -->
  <testcase classname="tests.VistaTestScenariosClass" name="RegisterationFunctionality_PositiveScenario_RegisterationScenario1" time="4.412"/>
  <testcase classname="tests.VistaTestScenariosClass" name="RegisterationFunctionality__NegativeScenaio_RegisterationScenario2" time="2.901"/>
  <testcase classname="tests.VistaTestScenariosClass" name="RegisterationFunctionality__NegativeScenaio_RegisterationScenario3" time="4.282"/>
  <testcase classname="tests.VistaTestScenariosClass" name="RegisterationFunctionality__NegativeScenaio_RegisterationScenario4" time="2.974"/>
  <testcase classname="tests.VistaTestScenariosClass" name="RegisterationFunctionality__NegativeScenaio_RegisterationScenario5" time="3.35"/>
</testsuite> <!-- Test -->
