<?xml version="1.0" encoding="UTF-8"?>
<!-- Generated by org.testng.reporters.JUnitXMLReporter -->
<testsuite ignored="4" hostname="DEV-NANO1" failures="1" tests="8" name="Test" time="94.015" errors="0" timestamp="2024-05-27T19:22:08 GST">
  <testcase classname="tests.VistaLogInLogOutTestScenarioClass" name="LoginFunctionality_PositiveScenario_LoginScenario1" time="5.262"/>
  <testcase classname="tests.VistaLogInLogOutTestScenarioClass" name="LoginFunctionality_NegativeScenario_LoginScenario2" time="2.152"/>
  <testcase classname="tests.VistaLogInLogOutTestScenarioClass" name="LoginFunctionality_PositiveScenario_LoginScenario3" time="5.398">
    <failure type="java.lang.AssertionError" message="null">
      <![CDATA[java.lang.AssertionError: null
at utils.GenericUtilityClass.TakeScreenshot(GenericUtilityClass.java:171)
at tests.VistaLogInLogOutTestScenarioClass.LoginFunctionality_PositiveScenario_LoginScenario3(VistaLogInLogOutTestScenarioClass.java:67)
at java.base/java.util.ArrayList.forEach(ArrayList.java:1511)
... Removed 29 stack frames]]>
    </failure>
  </testcase> <!-- LoginFunctionality_PositiveScenario_LoginScenario3 -->
  <testcase classname="tests.VistaRegisterationTestScenarioClass" name="RegisterationFunctionality_PositiveScenario_RegisterationScenario1" time="4.702"/>
  <testcase classname="tests.VistaRegisterationTestScenarioClass" name="RegisterationFunctionality__NegativeScenaio_RegisterationScenario2" time="3.607"/>
  <testcase classname="tests.VistaRegisterationTestScenarioClass" name="RegisterationFunctionality__NegativeScenaio_RegisterationScenario3" time="4.508"/>
  <testcase classname="tests.VistaRegisterationTestScenarioClass" name="RegisterationFunctionality__NegativeScenaio_RegisterationScenario4" time="3.218"/>
  <testcase classname="tests.VistaRegisterationTestScenarioClass" name="RegisterationFunctionality__NegativeScenaio_RegisterationScenario5" time="3.22"/>
  <testcase classname="config.Hooks" name="@AfterSuite afterSuite" time="0.0">
    <ignored/>
  </testcase> <!-- @AfterSuite afterSuite -->
  <testcase classname="config.Hooks" name="@BeforeTest beforeTest" time="0.0">
    <ignored/>
  </testcase> <!-- @BeforeTest beforeTest -->
  <testcase classname="config.Hooks" name="@BeforeSuite beforeSuite" time="0.0">
    <ignored/>
  </testcase> <!-- @BeforeSuite beforeSuite -->
  <testcase classname="config.Hooks" name="@AfterTest afterTest" time="0.0">
    <ignored/>
  </testcase> <!-- @AfterTest afterTest -->
</testsuite> <!-- Test -->
